<?xml version="1.0" encoding="UTF-8"?>
<!-- Generated by org.testng.reporters.JUnitReportReporter -->
<testsuite skipped="0" hostname="KUMARSAURAV-PC" name="com.epam.atm.webdriver.tests.GmailTest" tests="3" failures="0" timestamp="26 Nov 2017 14:35:19 GMT" time="27.837" errors="0">
  <testcase name="loginToGmail" time="18.099" classname="com.epam.atm.webdriver.tests.GmailTest"/>
  <testcase name="sentMailActions" time="1.891" classname="com.epam.atm.webdriver.tests.GmailTest"/>
  <testcase name="newMailActions" time="7.847" classname="com.epam.atm.webdriver.tests.GmailTest"/>
</testsuite> <!-- com.epam.atm.webdriver.tests.GmailTest -->
