<?xml version="1.0" encoding="UTF-8"?>
<!-- Generated by org.testng.reporters.JUnitReportReporter -->
<testsuite skipped="0" hostname="D-113064624" name="com.wipro.atm.webdriver.tests.SendEmailAndVerify" tests="3" failures="0" timestamp="20 Feb 2018 05:49:52 GMT" time="88.387" errors="0">
  <testcase name="composeANewEmailAndSendTest" time="44.401" classname="com.wipro.atm.webdriver.tests.SendEmailAndVerify"/>
  <testcase name="loginToOutlookTest" time="9.401" classname="com.wipro.atm.webdriver.tests.SendEmailAndVerify"/>
  <testcase name="searchAndDeleteEmailTest" time="34.585" classname="com.wipro.atm.webdriver.tests.SendEmailAndVerify"/>
</testsuite> <!-- com.wipro.atm.webdriver.tests.SendEmailAndVerify -->
