<?xml version="1.0" encoding="UTF-8"?>
<!-- Generated by org.testng.reporters.JUnitReportReporter -->
<testsuite skipped="0" hostname="D-113064624" name="com.wipro.atm.webdriver.tests.RegistrationAndAddToCart" tests="7" failures="0" timestamp="14 Feb 2018 10:28:08 GMT" time="50.993" errors="0">
  <testcase name="navigateToHomePageTest" time="2.114" classname="com.wipro.atm.webdriver.tests.RegistrationAndAddToCart"/>
  <testcase name="removeProductFromWishListTest" time="4.172" classname="com.wipro.atm.webdriver.tests.RegistrationAndAddToCart"/>
  <testcase name="setNewUserDetailsTest" time="9.980" classname="com.wipro.atm.webdriver.tests.RegistrationAndAddToCart"/>
  <testcase name="addProductToTheCartTest" time="20.350" classname="com.wipro.atm.webdriver.tests.RegistrationAndAddToCart"/>
  <testcase name="proceedForRegistrationTest" time="2.442" classname="com.wipro.atm.webdriver.tests.RegistrationAndAddToCart"/>
  <testcase name="addProductToTheWishListTest" time="4.997" classname="com.wipro.atm.webdriver.tests.RegistrationAndAddToCart"/>
  <testcase name="navigateToCommingSoonProductTest" time="6.938" classname="com.wipro.atm.webdriver.tests.RegistrationAndAddToCart"/>
</testsuite> <!-- com.wipro.atm.webdriver.tests.RegistrationAndAddToCart -->
