<?xml version="1.0" encoding="UTF-8"?>
<!-- Generated by org.testng.reporters.JUnitReportReporter -->
<testsuite skipped="0" hostname="KUMARSAURAV-PC" name="com.wipro.atm.webdriver.tests.SendEmailAndVerify" tests="3" failures="0" timestamp="07 Feb 2018 14:20:47 GMT" time="90.078" errors="0">
  <testcase name="composeANewEmailAndSendTest" time="42.091" classname="com.wipro.atm.webdriver.tests.SendEmailAndVerify"/>
  <testcase name="loginToOutlookTest" time="10.268" classname="com.wipro.atm.webdriver.tests.SendEmailAndVerify"/>
  <testcase name="searchAndDeleteEmailTest" time="37.719" classname="com.wipro.atm.webdriver.tests.SendEmailAndVerify"/>
</testsuite> <!-- com.wipro.atm.webdriver.tests.SendEmailAndVerify -->
