<?xml version="1.0" encoding="UTF-8"?>
<!-- Generated by org.testng.reporters.JUnitReportReporter -->
<testsuite skipped="0" hostname="D-113064624" name="com.wipro.atm.webdriver.tests.OrderHistory" tests="7" failures="0" timestamp="13 Feb 2018 08:45:52 GMT" time="17.185" errors="0">
  <testcase name="proceedForCheckoutTest" time="7.410" classname="com.wipro.atm.webdriver.tests.OrderHistory"/>
  <testcase name="loginToOpenCartTest" time="1.517" classname="com.wipro.atm.webdriver.tests.OrderHistory"/>
  <testcase name="addProductUpdateQtyAndVerifyQtyInCartTest" time="1.739" classname="com.wipro.atm.webdriver.tests.OrderHistory"/>
  <testcase name="navigateToHomePageTest" time="0.532" classname="com.wipro.atm.webdriver.tests.OrderHistory"/>
  <testcase name="confirmOrderAndVerifyTest" time="0.530" classname="com.wipro.atm.webdriver.tests.OrderHistory"/>
  <testcase name="verifyOrderInOrderHistoryTest" time="1.047" classname="com.wipro.atm.webdriver.tests.OrderHistory"/>
  <testcase name="selectFirstFeatureProductAndVerifyTheSameInPDPTest" time="4.410" classname="com.wipro.atm.webdriver.tests.OrderHistory"/>
</testsuite> <!-- com.wipro.atm.webdriver.tests.OrderHistory -->
