<?xml version="1.0" encoding="UTF-8"?>
<!-- Generated by org.testng.reporters.JUnitReportReporter -->
<testsuite skipped="0" hostname="D-113064624" name="com.wipro.atm.webdriver.tests.SendEmailAndVerify" tests="3" failures="0" timestamp="08 Feb 2018 05:11:01 GMT" time="96.618" errors="0">
  <testcase name="composeANewEmailAndSendTest" time="42.452" classname="com.wipro.atm.webdriver.tests.SendEmailAndVerify"/>
  <testcase name="searchAndDeleteEmailTest" time="38.159" classname="com.wipro.atm.webdriver.tests.SendEmailAndVerify"/>
  <testcase name="loginToOutlookTest" time="16.007" classname="com.wipro.atm.webdriver.tests.SendEmailAndVerify"/>
</testsuite> <!-- com.wipro.atm.webdriver.tests.SendEmailAndVerify -->
