<?xml version="1.0" encoding="UTF-8"?>
<!-- Generated by org.testng.reporters.JUnitReportReporter -->
<testsuite skipped="0" hostname="D-113064624" name="com.wipro.atm.webdriver.tests.RegistrationAndAddToCart" tests="7" failures="0" timestamp="20 Feb 2018 04:50:39 GMT" time="10.130" errors="0">
  <testcase name="navigateToCommingSoonProductTest" time="1.507" classname="com.wipro.atm.webdriver.tests.RegistrationAndAddToCart"/>
  <testcase name="addProductToTheWishListTest" time="1.645" classname="com.wipro.atm.webdriver.tests.RegistrationAndAddToCart"/>
  <testcase name="proceedForRegistrationTest" time="0.681" classname="com.wipro.atm.webdriver.tests.RegistrationAndAddToCart"/>
  <testcase name="navigateToHomePageTest" time="0.650" classname="com.wipro.atm.webdriver.tests.RegistrationAndAddToCart"/>
  <testcase name="removeProductFromWishListTest" time="1.249" classname="com.wipro.atm.webdriver.tests.RegistrationAndAddToCart"/>
  <testcase name="addProductToTheCartTest" time="1.362" classname="com.wipro.atm.webdriver.tests.RegistrationAndAddToCart"/>
  <testcase name="setNewUserDetailsTest" time="3.036" classname="com.wipro.atm.webdriver.tests.RegistrationAndAddToCart"/>
</testsuite> <!-- com.wipro.atm.webdriver.tests.RegistrationAndAddToCart -->
